<?xml version="1.0" encoding="UTF-8"?>
<testng-results ignored="0" total="1" passed="1" failed="0" skipped="0">
  <reporter-output>
  </reporter-output>
  <suite started-at="2022-08-09T14:38:00 IST" name="Default suite" finished-at="2022-08-09T14:38:04 IST" duration-ms="3810">
    <groups>
    </groups>
    <test started-at="2022-08-09T14:38:00 IST" name="Default test" finished-at="2022-08-09T14:38:04 IST" duration-ms="3810">
      <class name="com.seneca.demo.FileUploaddemo">
        <test-method is-config="true" signature="launchDriver()[pri:0, instance:com.seneca.demo.FileUploaddemo@52af26ee]" started-at="2022-08-09T14:37:54 IST" name="launchDriver" finished-at="2022-08-09T14:38:00 IST" duration-ms="6107" status="PASS">
          <reporter-output>
          </reporter-output>
        </test-method> <!-- launchDriver -->
        <test-method signature="framesDemo()[pri:0, instance:com.seneca.demo.FileUploaddemo@52af26ee]" started-at="2022-08-09T14:38:00 IST" name="framesDemo" finished-at="2022-08-09T14:38:04 IST" duration-ms="3714" status="PASS">
          <reporter-output>
          </reporter-output>
        </test-method> <!-- framesDemo -->
      </class> <!-- com.seneca.demo.FileUploaddemo -->
    </test> <!-- Default test -->
  </suite> <!-- Default suite -->
</testng-results>
